app/build/outputs/logs/manifest-merger-debug-report.txt
-- Merging decision tree log ---
manifest
ADDED from src\main\AndroidManifest.xml:2:1-78:12
INJECTED from src\main\AndroidManifest.xml:2:1-78:12
INJECTED from src\main\AndroidManifest.xml:2:1-78:12
INJECTED from src\main\AndroidManifest.xml:2:1-78:12
MERGED from [com.android.support:support-v4:25.3.0] AndroidManifest.xml:17:1-31:12
MERGED from [com.android.support:appcompat-v7:27.1.1] AndroidManifest.xml:17:1-22:12
MERGED from [com.jakewharton:butterknife:8.5.1] AndroidManifest.xml:2:1-7:12
MERGED from [com.android.support.constraint:constraint-layout:1.1.2] AndroidManifest.xml:2:1-11:12
MERGED from [:ds-photo-editor-sdk:] AndroidManifest.xml:2:1-15:12
MERGED from [com.android.volley:volley:1.1.0] AndroidManifest.xml:2:1-11:12
MERGED from [io.reactivex.rxjava2:rxandroid:2.0.1] AndroidManifest.xml:15:1-21:12
MERGED from [com.android.support:support-media-compat:25.3.0] AndroidManifest.xml:17:1-31:12
MERGED from [com.android.support:animated-vector-drawable:27.1.1] AndroidManifest.xml:17:1-22:12
MERGED from [com.android.support:support-vector-drawable:27.1.1] AndroidManifest.xml:17:1-22:12
MERGED from [com.android.support:support-fragment:27.1.1] AndroidManifest.xml:17:1-22:12
MERGED from [com.android.support:support-core-ui:27.1.1] AndroidManifest.xml:17:1-22:12
MERGED from [com.android.support:support-core-utils:27.1.1] AndroidManifest.xml:17:1-22:12
MERGED from [com.android.support:support-compat:27.1.1] AndroidManifest.xml:17:1-22:12
MERGED from [android.arch.lifecycle:livedata-core:1.1.0] AndroidManifest.xml:17:1-22:12
MERGED from [android.arch.lifecycle:viewmodel:1.1.0] AndroidManifest.xml:17:1-22:12
MERGED from [android.arch.lifecycle:runtime:1.1.0] AndroidManifest.xml:17:1-22:12
MERGED from [android.arch.core:runtime:1.1.0] AndroidManifest.xml:17:1-22:12
INJECTED from src\main\AndroidManifest.xml:2:1-78:12
INJECTED from src\main\AndroidManifest.xml:2:1-78:12
INJECTED from src\main\AndroidManifest.xml:2:1-78:12
	package
		ADDED from src\main\AndroidManifest.xml:3:5-49
		INJECTED from src\main\AndroidManifest.xml
		INJECTED from src\main\AndroidManifest.xml
	android:versionName
		INJECTED from src\main\AndroidManifest.xml
		ADDED from src\main\AndroidManifest.xml:2:1-78:12
		INJECTED from src\main\AndroidManifest.xml
	android:versionCode
		INJECTED from src\main\AndroidManifest.xml
		ADDED from src\main\AndroidManifest.xml:2:1-78:12
		INJECTED from src\main\AndroidManifest.xml
	xmlns:android
		ADDED from src\main\AndroidManifest.xml:2:11-69
uses-permission#android.permission.CAMERA
ADDED from src\main\AndroidManifest.xml:5:5-65
	android:name
		ADDED from src\main\AndroidManifest.xml:5:22-62
uses-feature#android.hardware.camera
ADDED from src\main\AndroidManifest.xml:7:5-60
	android:name
		ADDED from src\main\AndroidManifest.xml:7:19-57
uses-feature#android.hardware.camera.autofocus
ADDED from src\main\AndroidManifest.xml:8:5-70
	android:name
		ADDED from src\main\AndroidManifest.xml:8:19-67
uses-permission#android.permission.INTERNET
ADDED from src\main\AndroidManifest.xml:10:5-67
MERGED from [:ds-photo-editor-sdk:] AndroidManifest.xml:11:5-67
MERGED from [:ds-photo-editor-sdk:] AndroidManifest.xml:11:5-67
	android:name
		ADDED from src\main\AndroidManifest.xml:10:22-64
uses-permission#android.permission.ACCESS_NETWORK_STATE
ADDED from src\main\AndroidManifest.xml:11:5-79
MERGED from [:ds-photo-editor-sdk:] AndroidManifest.xml:13:5-79
MERGED from [:ds-photo-editor-sdk:] AndroidManifest.xml:13:5-79
	android:name
		ADDED from src\main\AndroidManifest.xml:11:22-76
uses-permission#android.permission.ACCESS_WIFI_STATE
ADDED from src\main\AndroidManifest.xml:12:5-76
	android:name
		ADDED from src\main\AndroidManifest.xml:12:22-73
uses-permission#android.permission.READ_EXTERNAL_STORAGE
ADDED from src\main\AndroidManifest.xml:13:5-80
	android:name
		ADDED from src\main\AndroidManifest.xml:13:22-77
uses-permission#android.permission.WRITE_EXTERNAL_STORAGE
ADDED from src\main\AndroidManifest.xml:14:5-81
MERGED from [:ds-photo-editor-sdk:] AndroidManifest.xml:12:5-81
MERGED from [:ds-photo-editor-sdk:] AndroidManifest.xml:12:5-81
	android:name
		ADDED from src\main\AndroidManifest.xml:14:22-78
uses-permission#android.permission.READ_PHONE_STATE
ADDED from src\main\AndroidManifest.xml:15:5-75
	android:name
		ADDED from src\main\AndroidManifest.xml:15:22-72
application
ADDED from src\main\AndroidManifest.xml:17:5-76:19
MERGED from [com.android.support:support-v4:25.3.0] AndroidManifest.xml:29:5-20
MERGED from [com.android.support:support-v4:25.3.0] AndroidManifest.xml:29:5-20
MERGED from [com.android.support.constraint:constraint-layout:1.1.2] AndroidManifest.xml:9:5-20
MERGED from [com.android.support.constraint:constraint-layout:1.1.2] AndroidManifest.xml:9:5-20
MERGED from [com.android.volley:volley:1.1.0] AndroidManifest.xml:9:5-20
MERGED from [com.android.volley:volley:1.1.0] AndroidManifest.xml:9:5-20
MERGED from [com.android.support:support-media-compat:25.3.0] AndroidManifest.xml:29:5-20
MERGED from [com.android.support:support-media-compat:25.3.0] AndroidManifest.xml:29:5-20
	android:supportsRtl
		ADDED from src\main\AndroidManifest.xml:22:9-35
	android:label
		ADDED from src\main\AndroidManifest.xml:20:9-41
	android:largeHeap
		ADDED from src\main\AndroidManifest.xml:21:9-33
	android:icon
		ADDED from src\main\AndroidManifest.xml:19:9-43
	android:allowBackup
		ADDED from src\main\AndroidManifest.xml:18:9-35
	android:theme
		ADDED from src\main\AndroidManifest.xml:23:9-40
activity#com.example.ngothi.feebbackquality.MainActivity
ADDED from src\main\AndroidManifest.xml:24:9-33:20
	android:screenOrientation
		ADDED from src\main\AndroidManifest.xml:26:13-50
	android:theme
		ADDED from src\main\AndroidManifest.xml:27:13-56
	android:name
		ADDED from src\main\AndroidManifest.xml:25:13-41
intent-filter#action:name:android.intent.action.MAIN+category:name:android.intent.category.LAUNCHER
ADDED from src\main\AndroidManifest.xml:28:13-32:29
action#android.intent.action.MAIN
ADDED from src\main\AndroidManifest.xml:29:17-69
	android:name
		ADDED from src\main\AndroidManifest.xml:29:25-66
category#android.intent.category.LAUNCHER
ADDED from src\main\AndroidManifest.xml:31:17-77
	android:name
		ADDED from src\main\AndroidManifest.xml:31:27-74
activity#com.example.ngothi.feebbackquality.EditImageAfterCaptureActivity
ADDED from src\main\AndroidManifest.xml:34:9-37:59
	android:screenOrientation
		ADDED from src\main\AndroidManifest.xml:36:13-50
	android:theme
		ADDED from src\main\AndroidManifest.xml:37:13-56
	android:name
		ADDED from src\main\AndroidManifest.xml:35:13-58
activity#com.example.ngothi.feebbackquality.CameraMain
ADDED from src\main\AndroidManifest.xml:38:9-41:59
	android:screenOrientation
		ADDED from src\main\AndroidManifest.xml:40:13-50
	android:theme
		ADDED from src\main\AndroidManifest.xml:41:13-56
	android:name
		ADDED from src\main\AndroidManifest.xml:39:13-39
activity#com.example.ngothi.feebbackquality.chonLoiLapActivity
ADDED from src\main\AndroidManifest.xml:42:9-45:59
	android:screenOrientation
		ADDED from src\main\AndroidManifest.xml:44:13-50
	android:theme
		ADDED from src\main\AndroidManifest.xml:45:13-56
	android:name
		ADDED from src\main\AndroidManifest.xml:43:13-47
activity#com.example.ngothi.feebbackquality.thuhoi_activity
ADDED from src\main\AndroidManifest.xml:46:9-49:59
	android:screenOrientation
		ADDED from src\main\AndroidManifest.xml:48:13-50
	android:theme
		ADDED from src\main\AndroidManifest.xml:49:13-56
	android:name
		ADDED from src\main\AndroidManifest.xml:47:13-44
activity#com.example.ngothi.feebbackquality.ChonloiActivity
ADDED from src\main\AndroidManifest.xml:50:9-53:59
	android:screenOrientation
		ADDED from src\main\AndroidManifest.xml:52:13-50
	android:theme
		ADDED from src\main\AndroidManifest.xml:53:13-56
	android:name
		ADDED from src\main\AndroidManifest.xml:51:13-44
activity#com.dsphotoeditor.sdk.activity.DsPhotoEditorActivity
ADDED from src\main\AndroidManifest.xml:54:9-57:69
	android:screenOrientation
		ADDED from src\main\AndroidManifest.xml:56:13-49
	android:theme
		ADDED from src\main\AndroidManifest.xml:57:13-66
	android:name
		ADDED from src\main\AndroidManifest.xml:55:13-80
activity#com.dsphotoeditor.sdk.activity.DsPhotoEditorStickerActivity
ADDED from src\main\AndroidManifest.xml:58:9-61:69
	android:screenOrientation
		ADDED from src\main\AndroidManifest.xml:60:13-49
	android:theme
		ADDED from src\main\AndroidManifest.xml:61:13-66
	android:name
		ADDED from src\main\AndroidManifest.xml:59:13-87
activity#com.dsphotoeditor.sdk.activity.DsPhotoEditorTextActivity
ADDED from src\main\AndroidManifest.xml:62:9-66:55
	android:screenOrientation
		ADDED from src\main\AndroidManifest.xml:64:13-49
	android:windowSoftInputMode
		ADDED from src\main\AndroidManifest.xml:66:13-52
	android:theme
		ADDED from src\main\AndroidManifest.xml:65:13-66
	android:name
		ADDED from src\main\AndroidManifest.xml:63:13-84
activity#com.dsphotoeditor.sdk.activity.DsPhotoEditorCropActivity
ADDED from src\main\AndroidManifest.xml:67:9-70:69
	android:screenOrientation
		ADDED from src\main\AndroidManifest.xml:69:13-49
	android:theme
		ADDED from src\main\AndroidManifest.xml:70:13-66
	android:name
		ADDED from src\main\AndroidManifest.xml:68:13-84
activity#com.dsphotoeditor.sdk.activity.DsPhotoEditorDrawActivity
ADDED from src\main\AndroidManifest.xml:71:9-74:69
	android:screenOrientation
		ADDED from src\main\AndroidManifest.xml:73:13-49
	android:theme
		ADDED from src\main\AndroidManifest.xml:74:13-66
	android:name
		ADDED from src\main\AndroidManifest.xml:72:13-84
activity#com.example.ngothi.feebbackquality.SearchActivity
ADDED from src\main\AndroidManifest.xml:75:9-61
	android:name
		ADDED from src\main\AndroidManifest.xml:75:19-49
uses-sdk
INJECTED from src\main\AndroidManifest.xml reason: use-sdk injection requested
INJECTED from src\main\AndroidManifest.xml
INJECTED from src\main\AndroidManifest.xml
MERGED from [com.android.support:support-v4:25.3.0] AndroidManifest.xml:21:5-23:54
MERGED from [com.android.support:support-v4:25.3.0] AndroidManifest.xml:21:5-23:54
MERGED from [com.android.support:appcompat-v7:27.1.1] AndroidManifest.xml:20:5-44
MERGED from [com.android.support:appcompat-v7:27.1.1] AndroidManifest.xml:20:5-44
MERGED from [com.jakewharton:butterknife:8.5.1] AndroidManifest.xml:5:5-43
MERGED from [com.jakewharton:butterknife:8.5.1] AndroidManifest.xml:5:5-43
MERGED from [com.android.support.constraint:constraint-layout:1.1.2] AndroidManifest.xml:5:5-7:41
MERGED from [com.android.support.constraint:constraint-layout:1.1.2] AndroidManifest.xml:5:5-7:41
MERGED from [:ds-photo-editor-sdk:] AndroidManifest.xml:7:5-9:41
MERGED from [:ds-photo-editor-sdk:] AndroidManifest.xml:7:5-9:41
MERGED from [com.android.volley:volley:1.1.0] AndroidManifest.xml:7:5-43
MERGED from [com.android.volley:volley:1.1.0] AndroidManifest.xml:7:5-43
MERGED from [io.reactivex.rxjava2:rxandroid:2.0.1] AndroidManifest.xml:19:5-43
MERGED from [io.reactivex.rxjava2:rxandroid:2.0.1] AndroidManifest.xml:19:5-43
MERGED from [com.android.support:support-media-compat:25.3.0] AndroidManifest.xml:21:5-23:63
MERGED from [com.android.support:support-media-compat:25.3.0] AndroidManifest.xml:21:5-23:63
MERGED from [com.android.support:animated-vector-drawable:27.1.1] AndroidManifest.xml:20:5-44
MERGED from [com.android.support:animated-vector-drawable:27.1.1] AndroidManifest.xml:20:5-44
MERGED from [com.android.support:support-vector-drawable:27.1.1] AndroidManifest.xml:20:5-44
MERGED from [com.android.support:support-vector-drawable:27.1.1] AndroidManifest.xml:20:5-44
MERGED from [com.android.support:support-fragment:27.1.1] AndroidManifest.xml:20:5-44
MERGED from [com.android.support:support-fragment:27.1.1] AndroidManifest.xml:20:5-44
MERGED from [com.android.support:support-core-ui:27.1.1] AndroidManifest.xml:20:5-44
MERGED from [com.android.support:support-core-ui:27.1.1] AndroidManifest.xml:20:5-44
MERGED from [com.android.support:support-core-utils:27.1.1] AndroidManifest.xml:20:5-44
MERGED from [com.android.support:support-core-utils:27.1.1] AndroidManifest.xml:20:5-44
MERGED from [com.android.support:support-compat:27.1.1] AndroidManifest.xml:20:5-44
MERGED from [com.android.support:support-compat:27.1.1] AndroidManifest.xml:20:5-44
MERGED from [android.arch.lifecycle:livedata-core:1.1.0] AndroidManifest.xml:20:5-44
MERGED from [android.arch.lifecycle:livedata-core:1.1.0] AndroidManifest.xml:20:5-44
MERGED from [android.arch.lifecycle:viewmodel:1.1.0] AndroidManifest.xml:20:5-44
MERGED from [android.arch.lifecycle:viewmodel:1.1.0] AndroidManifest.xml:20:5-44
MERGED from [android.arch.lifecycle:runtime:1.1.0] AndroidManifest.xml:20:5-44
MERGED from [android.arch.lifecycle:runtime:1.1.0] AndroidManifest.xml:20:5-44
MERGED from [android.arch.core:runtime:1.1.0] AndroidManifest.xml:20:5-44
MERGED from [android.arch.core:runtime:1.1.0] AndroidManifest.xml:20:5-44
INJECTED from src\main\AndroidManifest.xml
INJECTED from src\main\AndroidManifest.xml
	tools:overrideLibrary
		ADDED from [com.android.support:support-v4:25.3.0] AndroidManifest.xml:23:9-51
	android:targetSdkVersion
		INJECTED from src\main\AndroidManifest.xml
		ADDED from src\main\AndroidManifest.xml
		INJECTED from src\main\AndroidManifest.xml
	android:minSdkVersion
		INJECTED from src\main\AndroidManifest.xml
		ADDED from src\main\AndroidManifest.xml
		INJECTED from src\main\AndroidManifest.xml
meta-data#android.support.VERSION
ADDED from [com.android.support:support-v4:25.3.0] AndroidManifest.xml:25:5-27:34
MERGED from [com.android.support:support-media-compat:25.3.0] AndroidManifest.xml:25:5-27:34
MERGED from [com.android.support:support-media-compat:25.3.0] AndroidManifest.xml:25:5-27:34
	android:value
		ADDED from [com.android.support:support-v4:25.3.0] AndroidManifest.xml:27:9-31
	android:name
		ADDED from [com.android.support:support-v4:25.3.0] AndroidManifest.xml:26:9-47